c:\users\uluru\source\repos\igme209-project\part1-export\part1-export\debug\part1export.pch
c:\users\uluru\source\repos\igme209-project\part1-export\part1-export\debug\vc142.pdb
c:\users\uluru\source\repos\igme209-project\part1-export\part1-export\debug\vc142.idb
c:\users\uluru\source\repos\igme209-project\part1-export\part1-export\debug\pch.obj
c:\users\uluru\source\repos\igme209-project\part1-export\part1-export\debug\part1-export.obj
c:\users\uluru\source\repos\igme209-project\part1-export\part1-export\debug\dllmain.obj
c:\users\user\documents\github\igme209-project\part1-export\part1-export\debug\part1export.pch
c:\users\user\documents\github\igme209-project\part1-export\part1-export\debug\vc142.pdb
c:\users\user\documents\github\igme209-project\part1-export\part1-export\debug\vc142.idb
c:\users\user\documents\github\igme209-project\part1-export\part1-export\debug\pch.obj
c:\users\user\documents\github\igme209-project\part1-export\part1-export\debug\part1-export.obj
c:\users\user\documents\github\igme209-project\part1-export\part1-export\debug\dllmain.obj
c:\users\uluru\source\repos\igme209-project\part1-export\debug\part1export.dll
c:\users\uluru\source\repos\igme209-project\part1-export\debug\part1export.ilk
c:\users\uluru\source\repos\igme209-project\part1-export\debug\part1export.pdb
c:\users\user\documents\github\igme209-project\part1-export\debug\part1export.dll
c:\users\user\documents\github\igme209-project\part1-export\part1-export\debug\part1export.ilk
c:\users\user\documents\github\igme209-project\part1-export\debug\part1export.pdb
c:\users\uluru\source\repos\igme209-project\part1-export\debug\part1export.lib
c:\users\uluru\source\repos\igme209-project\part1-export\debug\part1export.exp
c:\users\user\documents\github\igme209-project\part1-export\debug\part1export.lib
c:\users\user\documents\github\igme209-project\part1-export\debug\part1export.exp
c:\users\user\documents\github\igme209-project\part1-export\debug\part1export.ilk
c:\users\user\documents\github\igme209-project\part1-export\part1-export\debug\part1-export.tlog\cl.command.1.tlog
c:\users\user\documents\github\igme209-project\part1-export\part1-export\debug\part1-export.tlog\cl.read.1.tlog
c:\users\user\documents\github\igme209-project\part1-export\part1-export\debug\part1-export.tlog\cl.write.1.tlog
c:\users\user\documents\github\igme209-project\part1-export\part1-export\debug\part1-export.tlog\link.5608.delete.1.tlog
c:\users\user\documents\github\igme209-project\part1-export\part1-export\debug\part1-export.tlog\link.command.1.tlog
c:\users\user\documents\github\igme209-project\part1-export\part1-export\debug\part1-export.tlog\link.read.1.tlog
c:\users\user\documents\github\igme209-project\part1-export\part1-export\debug\part1-export.tlog\link.write.1.tlog
c:\users\user\documents\github\igme209-project\part1-export\part1-export\debug\part1-export.tlog\part1-export.write.1u.tlog
