  Graph_Class.cpp
C:\Users\uluru\source\repos\IGME209-project\Milestone 2\Milestone 2\Graph_Class.h(20,14): error C2065: 'vector': undeclared identifier
C:\Users\uluru\source\repos\IGME209-project\Milestone 2\Milestone 2\Graph_Class.h(20,21): error C2275: 'Vertex': illegal use of this type as an expression
C:\Users\uluru\source\repos\IGME209-project\Milestone 2\Milestone 2\Vertex_Class.h(5): message : see declaration of 'Vertex'
C:\Users\uluru\source\repos\IGME209-project\Milestone 2\Milestone 2\Graph_Class.h(20,7): error C2974: 'std::vector': invalid template argument for '_Ty', type expected
C:\Program Files (x86)\Microsoft Visual Studio\2019\Community\VC\Tools\MSVC\14.28.29333\include\vector(413): message : see declaration of 'std::vector'
C:\Users\uluru\source\repos\IGME209-project\Milestone 2\Milestone 2\Graph_Class.h(20,7): error C2976: 'std::vector': too few template arguments
C:\Program Files (x86)\Microsoft Visual Studio\2019\Community\VC\Tools\MSVC\14.28.29333\include\vector(413): message : see declaration of 'std::vector'
C:\Users\uluru\source\repos\IGME209-project\Milestone 2\Milestone 2\Graph_Class.h(20,27): error C2059: syntax error: '>'
C:\Users\uluru\source\repos\IGME209-project\Milestone 2\Milestone 2\Graph_Class.h(20,38): error C2238: unexpected token(s) preceding ';'
C:\Users\uluru\source\repos\IGME209-project\Milestone 2\Milestone 2\Graph_Class.h(30,6): error C2143: syntax error: missing ';' before '<'
C:\Users\uluru\source\repos\IGME209-project\Milestone 2\Milestone 2\Graph_Class.h(30,6): error C4430: missing type specifier - int assumed. Note: C++ does not support default-int
C:\Users\uluru\source\repos\IGME209-project\Milestone 2\Milestone 2\Graph_Class.h(30,24): error C2238: unexpected token(s) preceding ';'
C:\Users\uluru\source\repos\IGME209-project\Milestone 2\Milestone 2\Graph_Class.cpp(11,2): error C2065: 'vertices': undeclared identifier
C:\Users\uluru\source\repos\IGME209-project\Milestone 2\Milestone 2\Graph_Class.cpp(21,2): error C2065: 'bestPath': undeclared identifier
C:\Users\uluru\source\repos\IGME209-project\Milestone 2\Milestone 2\Graph_Class.cpp(29,2): error C2065: 'vertices': undeclared identifier
C:\Users\uluru\source\repos\IGME209-project\Milestone 2\Milestone 2\Graph_Class.cpp(30,2): error C2065: 'bestPath': undeclared identifier
C:\Users\uluru\source\repos\IGME209-project\Milestone 2\Milestone 2\Graph_Class.cpp(52,3): error C2065: 'vertices': undeclared identifier
C:\Users\uluru\source\repos\IGME209-project\Milestone 2\Milestone 2\Graph_Class.cpp(60,8): error C2065: 'vertices': undeclared identifier
C:\Users\uluru\source\repos\IGME209-project\Milestone 2\Milestone 2\Graph_Class.cpp(62,9): error C2065: 'vertices': undeclared identifier
C:\Users\uluru\source\repos\IGME209-project\Milestone 2\Milestone 2\Graph_Class.cpp(66,14): error C2065: 'vertices': undeclared identifier
C:\Users\uluru\source\repos\IGME209-project\Milestone 2\Milestone 2\Graph_Class.cpp(70,14): error C2065: 'vertices': undeclared identifier
C:\Users\uluru\source\repos\IGME209-project\Milestone 2\Milestone 2\Graph_Class.cpp(74,14): error C2065: 'vertices': undeclared identifier
C:\Users\uluru\source\repos\IGME209-project\Milestone 2\Milestone 2\Graph_Class.cpp(90,20): warning C4244: '=': conversion from 'double' to 'int', possible loss of data
C:\Users\uluru\source\repos\IGME209-project\Milestone 2\Milestone 2\Graph_Class.cpp(98,4): error C2065: 'vertices': undeclared identifier
C:\Users\uluru\source\repos\IGME209-project\Milestone 2\Milestone 2\Graph_Class.cpp(99,4): error C2065: 'vertices': undeclared identifier
C:\Users\uluru\source\repos\IGME209-project\Milestone 2\Milestone 2\Graph_Class.cpp(105,21): error C2065: 'vertices': undeclared identifier
C:\Users\uluru\source\repos\IGME209-project\Milestone 2\Milestone 2\Graph_Class.cpp(139,7): error C2065: 'vertices': undeclared identifier
C:\Users\uluru\source\repos\IGME209-project\Milestone 2\Milestone 2\Graph_Class.cpp(141,29): error C2065: 'vertices': undeclared identifier
C:\Users\uluru\source\repos\IGME209-project\Milestone 2\Milestone 2\Graph_Class.cpp(143,12): error C2065: 'vertices': undeclared identifier
C:\Users\uluru\source\repos\IGME209-project\Milestone 2\Milestone 2\Graph_Class.cpp(145,29): error C2065: 'vertices': undeclared identifier
C:\Users\uluru\source\repos\IGME209-project\Milestone 2\Milestone 2\Graph_Class.cpp(147,12): error C2065: 'vertices': undeclared identifier
C:\Users\uluru\source\repos\IGME209-project\Milestone 2\Milestone 2\Graph_Class.cpp(149,29): error C2065: 'vertices': undeclared identifier
C:\Users\uluru\source\repos\IGME209-project\Milestone 2\Milestone 2\Graph_Class.cpp(151,12): error C2065: 'vertices': undeclared identifier
C:\Users\uluru\source\repos\IGME209-project\Milestone 2\Milestone 2\Graph_Class.cpp(153,29): error C2065: 'vertices': undeclared identifier
C:\Users\uluru\source\repos\IGME209-project\Milestone 2\Milestone 2\Graph_Class.cpp(170,29): warning C4244: 'initializing': conversion from 'int' to 'float', possible loss of data
C:\Users\uluru\source\repos\IGME209-project\Milestone 2\Milestone 2\Graph_Class.cpp(176,32): warning C4244: '=': conversion from 'float' to 'int', possible loss of data
C:\Users\uluru\source\repos\IGME209-project\Milestone 2\Milestone 2\Graph_Class.cpp(177,52): warning C4244: '=': conversion from 'float' to 'int', possible loss of data
C:\Users\uluru\source\repos\IGME209-project\Milestone 2\Milestone 2\Graph_Class.cpp(187,21): error C2065: 'vertices': undeclared identifier
C:\Users\uluru\source\repos\IGME209-project\Milestone 2\Milestone 2\Graph_Class.cpp(190,3): error C2065: 'bestPath': undeclared identifier
C:\Users\uluru\source\repos\IGME209-project\Milestone 2\Milestone 2\Graph_Class.cpp(198,5): error C2065: 'bestPath': undeclared identifier
C:\Users\uluru\source\repos\IGME209-project\Milestone 2\Milestone 2\Graph_Class.cpp(204,13): error C2065: 'bestPath': undeclared identifier
C:\Users\uluru\source\repos\IGME209-project\Milestone 2\Milestone 2\Graph_Class.cpp(205,3): error C2065: 'bestPath': undeclared identifier
  Milestone 2.cpp
C:\Users\uluru\source\repos\IGME209-project\Milestone 2\Milestone 2\Graph_Class.h(20,14): error C2065: 'vector': undeclared identifier
C:\Users\uluru\source\repos\IGME209-project\Milestone 2\Milestone 2\Graph_Class.h(20,21): error C2275: 'Vertex': illegal use of this type as an expression
C:\Users\uluru\source\repos\IGME209-project\Milestone 2\Milestone 2\Vertex_Class.h(5): message : see declaration of 'Vertex'
C:\Users\uluru\source\repos\IGME209-project\Milestone 2\Milestone 2\Graph_Class.h(20,7): error C2974: 'std::vector': invalid template argument for '_Ty', type expected
C:\Program Files (x86)\Microsoft Visual Studio\2019\Community\VC\Tools\MSVC\14.28.29333\include\vector(413): message : see declaration of 'std::vector'
C:\Users\uluru\source\repos\IGME209-project\Milestone 2\Milestone 2\Graph_Class.h(20,7): error C2976: 'std::vector': too few template arguments
C:\Program Files (x86)\Microsoft Visual Studio\2019\Community\VC\Tools\MSVC\14.28.29333\include\vector(413): message : see declaration of 'std::vector'
C:\Users\uluru\source\repos\IGME209-project\Milestone 2\Milestone 2\Graph_Class.h(20,27): error C2059: syntax error: '>'
C:\Users\uluru\source\repos\IGME209-project\Milestone 2\Milestone 2\Graph_Class.h(20,38): error C2238: unexpected token(s) preceding ';'
C:\Users\uluru\source\repos\IGME209-project\Milestone 2\Milestone 2\Graph_Class.h(30,6): error C2143: syntax error: missing ';' before '<'
C:\Users\uluru\source\repos\IGME209-project\Milestone 2\Milestone 2\Graph_Class.h(30,6): error C4430: missing type specifier - int assumed. Note: C++ does not support default-int
C:\Users\uluru\source\repos\IGME209-project\Milestone 2\Milestone 2\Graph_Class.h(30,24): error C2238: unexpected token(s) preceding ';'
  Generating Code...
